<?xml version="1.0" encoding="UTF-8"?>
<testng-results skipped="0" failed="0" total="1" passed="1">
  <reporter-output>
  </reporter-output>
  <suite name="Default suite" duration-ms="26563" started-at="2018-02-04T15:22:28Z" finished-at="2018-02-04T15:22:55Z">
    <groups>
    </groups>
    <test name="Default test" duration-ms="26563" started-at="2018-02-04T15:22:28Z" finished-at="2018-02-04T15:22:55Z">
      <class name="testCases.VerifyHomePage">
        <test-method status="PASS" signature="openBrowser()[pri:0, instance:testCases.VerifyHomePage@d2cc05a]" name="openBrowser" is-config="true" duration-ms="7354" started-at="2018-02-04T09:22:28Z" finished-at="2018-02-04T09:22:35Z">
          <reporter-output>
          </reporter-output>
        </test-method> <!-- openBrowser -->
        <test-method status="PASS" signature="testHomePage()[pri:0, instance:testCases.VerifyHomePage@d2cc05a]" name="testHomePage" duration-ms="19209" started-at="2018-02-04T09:22:35Z" finished-at="2018-02-04T09:22:55Z">
          <reporter-output>
          </reporter-output>
        </test-method> <!-- testHomePage -->
      </class> <!-- testCases.VerifyHomePage -->
    </test> <!-- Default test -->
  </suite> <!-- Default suite -->
</testng-results>
