<?xml version="1.0" encoding="UTF-8"?>
<testng-results skipped="0" failed="0" total="1" passed="1">
  <reporter-output>
  </reporter-output>
  <suite name="Default suite" duration-ms="15678" started-at="2018-02-04T01:44:28Z" finished-at="2018-02-04T01:44:44Z">
    <groups>
    </groups>
    <test name="Default test" duration-ms="15678" started-at="2018-02-04T01:44:28Z" finished-at="2018-02-04T01:44:44Z">
      <class name="testCases.VerifyHomePage">
        <test-method status="PASS" signature="openBrowser()[pri:0, instance:testCases.VerifyHomePage@d2cc05a]" name="openBrowser" is-config="true" duration-ms="7654" started-at="2018-02-03T19:44:28Z" finished-at="2018-02-03T19:44:36Z">
          <reporter-output>
          </reporter-output>
        </test-method> <!-- openBrowser -->
        <test-method status="PASS" signature="testHomePage()[pri:0, instance:testCases.VerifyHomePage@d2cc05a]" name="testHomePage" duration-ms="8024" started-at="2018-02-03T19:44:36Z" finished-at="2018-02-03T19:44:44Z">
          <reporter-output>
          </reporter-output>
        </test-method> <!-- testHomePage -->
      </class> <!-- testCases.VerifyHomePage -->
    </test> <!-- Default test -->
  </suite> <!-- Default suite -->
</testng-results>
